This file contains any messages produced by compilers while
running configure, to aid debugging if configure makes a mistake.

It was created by [SAFECode] configure [1.00], which was
generated by GNU Autoconf 2.63.  Invocation command line was

  $ ./configure --prefix=/usr/local --cache-file=/dev/null --srcdir=.

## --------- ##
## Platform. ##
## --------- ##

hostname = wintermute.dgv.home
uname -m = amd64
uname -r = 5.2
uname -s = OpenBSD
uname -v = WINTERMUTE#0

/usr/bin/uname -p = amd64
/bin/uname -X     = unknown

/bin/arch              = unknown
/usr/bin/arch -k       = OpenBSD.amd64
/usr/convex/getsysinfo = unknown
/usr/bin/hostinfo      = unknown
/bin/machine           = unknown
/usr/bin/oslevel       = unknown
/bin/universe          = unknown

PATH: /usr/bin
PATH: /bin
PATH: /usr/sbin
PATH: /sbin
PATH: /usr/X11R6/bin
PATH: /usr/local/bin
PATH: /usr/local/sbin


## ----------- ##
## Core tests. ##
## ----------- ##

configure:1917: checking for omega
configure:1948: result: echo omega
configure:2018: checking for gcc
configure:2034: found /usr/bin/gcc
configure:2045: result: gcc
configure:2277: checking for C compiler version
configure:2285: gcc --version >&5
gcc (GCC) 4.2.1 20070719 
Copyright (C) 2007 Free Software Foundation, Inc.
This is free software; see the source for copying conditions.  There is NO
warranty; not even for MERCHANTABILITY or FITNESS FOR A PARTICULAR PURPOSE.

configure:2289: $? = 0
configure:2296: gcc -v >&5
Reading specs from /usr/lib/gcc-lib/amd64-unknown-openbsd5.2/4.2.1/specs
Target: amd64-unknown-openbsd5.2
Configured with: OpenBSD/amd64 system compiler
Thread model: posix
gcc version 4.2.1 20070719 
configure:2300: $? = 0
configure:2307: gcc -V >&5
gcc: '-V' option must have argument
configure:2311: $? = 1
configure:2334: checking for C compiler default output file name
configure:2356: gcc    conftest.c  >&5
configure:2360: $? = 0
configure:2398: result: a.out
configure:2417: checking whether the C compiler works
configure:2427: ./a.out
configure:2431: $? = 0
configure:2450: result: yes
configure:2457: checking whether we are cross compiling
configure:2459: result: no
configure:2462: checking for suffix of executables
configure:2469: gcc -o conftest    conftest.c  >&5
configure:2473: $? = 0
configure:2499: result: 
configure:2505: checking for suffix of object files
configure:2531: gcc -c   conftest.c >&5
configure:2535: $? = 0
configure:2560: result: o
configure:2564: checking whether we are using the GNU C compiler
configure:2593: gcc -c   conftest.c >&5
configure:2600: $? = 0
configure:2617: result: yes
configure:2626: checking whether gcc accepts -g
configure:2656: gcc -c -g  conftest.c >&5
configure:2663: $? = 0
configure:2764: result: yes
configure:2781: checking for gcc option to accept ISO C89
configure:2855: gcc  -c -g -O2  conftest.c >&5
configure:2862: $? = 0
configure:2885: result: none needed
configure:2904: checking for library containing fopen64
configure:2945: gcc -o conftest -g -O2   conftest.c  >&5
/tmp//ccRd8pqf.o(.text+0x7): In function `main':
/home/dgv/workspace/llvm-SAFEcode/projects/safecode/conftest.c:19: undefined reference to `fopen64'
collect2: ld returned 1 exit status
configure:2952: $? = 1
configure: failed program was:
| /* confdefs.h.  */
| #define PACKAGE_NAME "[SAFECode]"
| #define PACKAGE_TARNAME "--safecode--"
| #define PACKAGE_VERSION "[1.00]"
| #define PACKAGE_STRING "[SAFECode] [1.00]"
| #define PACKAGE_BUGREPORT "criswell@illinois.edu"
| /* end confdefs.h.  */
| 
| /* Override any GCC internal prototype to avoid an error.
|    Use char because int might match the return type of a GCC
|    builtin and then its argument prototype would still apply.  */
| #ifdef __cplusplus
| extern "C"
| #endif
| char fopen64 ();
| int
| main ()
| {
| return fopen64 ();
|   ;
|   return 0;
| }
configure:2945: gcc -o conftest -g -O2   conftest.c -lc   >&5
/tmp//ccqUxoHs.o(.text+0x7): In function `main':
/home/dgv/workspace/llvm-SAFEcode/projects/safecode/conftest.c:19: undefined reference to `fopen64'
collect2: ld returned 1 exit status
configure:2952: $? = 1
configure: failed program was:
| /* confdefs.h.  */
| #define PACKAGE_NAME "[SAFECode]"
| #define PACKAGE_TARNAME "--safecode--"
| #define PACKAGE_VERSION "[1.00]"
| #define PACKAGE_STRING "[SAFECode] [1.00]"
| #define PACKAGE_BUGREPORT "criswell@illinois.edu"
| /* end confdefs.h.  */
| 
| /* Override any GCC internal prototype to avoid an error.
|    Use char because int might match the return type of a GCC
|    builtin and then its argument prototype would still apply.  */
| #ifdef __cplusplus
| extern "C"
| #endif
| char fopen64 ();
| int
| main ()
| {
| return fopen64 ();
|   ;
|   return 0;
| }
configure:2983: result: no
configure:2994: WARNING: fopen64() not found - Will use fopen() instead
configure:3000: checking for __gmpz_init in -lgmp
configure:3035: gcc -o conftest -g -O2   conftest.c -lgmp   >&5
/usr/bin/ld: cannot find -lgmp
collect2: ld returned 1 exit status
configure:3042: $? = 1
configure: failed program was:
| /* confdefs.h.  */
| #define PACKAGE_NAME "[SAFECode]"
| #define PACKAGE_TARNAME "--safecode--"
| #define PACKAGE_VERSION "[1.00]"
| #define PACKAGE_STRING "[SAFECode] [1.00]"
| #define PACKAGE_BUGREPORT "criswell@illinois.edu"
| /* end confdefs.h.  */
| 
| /* Override any GCC internal prototype to avoid an error.
|    Use char because int might match the return type of a GCC
|    builtin and then its argument prototype would still apply.  */
| #ifdef __cplusplus
| extern "C"
| #endif
| char __gmpz_init ();
| int
| main ()
| {
| return __gmpz_init ();
|   ;
|   return 0;
| }
configure:3063: result: no
configure:3076: checking for vc_get_error_status in -lcvc3
configure:3111: gcc -o conftest -g -O2   conftest.c -lcvc3 -lgmp -lstdc++  >&5
/usr/bin/ld: cannot find -lcvc3
collect2: ld returned 1 exit status
configure:3118: $? = 1
configure: failed program was:
| /* confdefs.h.  */
| #define PACKAGE_NAME "[SAFECode]"
| #define PACKAGE_TARNAME "--safecode--"
| #define PACKAGE_VERSION "[1.00]"
| #define PACKAGE_STRING "[SAFECode] [1.00]"
| #define PACKAGE_BUGREPORT "criswell@illinois.edu"
| /* end confdefs.h.  */
| 
| /* Override any GCC internal prototype to avoid an error.
|    Use char because int might match the return type of a GCC
|    builtin and then its argument prototype would still apply.  */
| #ifdef __cplusplus
| extern "C"
| #endif
| char vc_get_error_status ();
| int
| main ()
| {
| return vc_get_error_status ();
|   ;
|   return 0;
| }
configure:3139: result: no
configure:3156: checking how to run the C preprocessor
configure:3196: gcc -E  conftest.c
configure:3203: $? = 0
configure:3234: gcc -E  conftest.c
conftest.c:8:28: error: ac_nonexistent.h: No such file or directory
configure:3241: $? = 1
configure: failed program was:
| /* confdefs.h.  */
| #define PACKAGE_NAME "[SAFECode]"
| #define PACKAGE_TARNAME "--safecode--"
| #define PACKAGE_VERSION "[1.00]"
| #define PACKAGE_STRING "[SAFECode] [1.00]"
| #define PACKAGE_BUGREPORT "criswell@illinois.edu"
| /* end confdefs.h.  */
| #include <ac_nonexistent.h>
configure:3274: result: gcc -E
configure:3303: gcc -E  conftest.c
configure:3310: $? = 0
configure:3341: gcc -E  conftest.c
conftest.c:8:28: error: ac_nonexistent.h: No such file or directory
configure:3348: $? = 1
configure: failed program was:
| /* confdefs.h.  */
| #define PACKAGE_NAME "[SAFECode]"
| #define PACKAGE_TARNAME "--safecode--"
| #define PACKAGE_VERSION "[1.00]"
| #define PACKAGE_STRING "[SAFECode] [1.00]"
| #define PACKAGE_BUGREPORT "criswell@illinois.edu"
| /* end confdefs.h.  */
| #include <ac_nonexistent.h>
configure:3388: checking for grep that handles long lines and -e
configure:3448: result: /usr/bin/grep
configure:3453: checking for egrep
configure:3517: result: /usr/bin/grep -E
configure:3522: checking for ANSI C header files
configure:3552: gcc -c -g -O2  conftest.c >&5
configure:3559: $? = 0
configure:3658: gcc -o conftest -g -O2   conftest.c  >&5
configure:3662: $? = 0
configure:3668: ./conftest
configure:3672: $? = 0
configure:3690: result: yes
configure:3714: checking for sys/types.h
configure:3735: gcc -c -g -O2  conftest.c >&5
configure:3742: $? = 0
configure:3759: result: yes
configure:3714: checking for sys/stat.h
configure:3735: gcc -c -g -O2  conftest.c >&5
configure:3742: $? = 0
configure:3759: result: yes
configure:3714: checking for stdlib.h
configure:3735: gcc -c -g -O2  conftest.c >&5
configure:3742: $? = 0
configure:3759: result: yes
configure:3714: checking for string.h
configure:3735: gcc -c -g -O2  conftest.c >&5
configure:3742: $? = 0
configure:3759: result: yes
configure:3714: checking for memory.h
configure:3735: gcc -c -g -O2  conftest.c >&5
configure:3742: $? = 0
configure:3759: result: yes
configure:3714: checking for strings.h
configure:3735: gcc -c -g -O2  conftest.c >&5
configure:3742: $? = 0
configure:3759: result: yes
configure:3714: checking for inttypes.h
configure:3735: gcc -c -g -O2  conftest.c >&5
configure:3742: $? = 0
configure:3759: result: yes
configure:3714: checking for stdint.h
configure:3735: gcc -c -g -O2  conftest.c >&5
configure:3742: $? = 0
configure:3759: result: yes
configure:3714: checking for unistd.h
configure:3735: gcc -c -g -O2  conftest.c >&5
configure:3742: $? = 0
configure:3759: result: yes
configure:3789: checking iconv.h usability
configure:3806: gcc -c -g -O2  conftest.c >&5
conftest.c:51:19: error: iconv.h: No such file or directory
configure:3813: $? = 1
configure: failed program was:
| /* confdefs.h.  */
| #define PACKAGE_NAME "[SAFECode]"
| #define PACKAGE_TARNAME "--safecode--"
| #define PACKAGE_VERSION "[1.00]"
| #define PACKAGE_STRING "[SAFECode] [1.00]"
| #define PACKAGE_BUGREPORT "criswell@illinois.edu"
| #define STDC_HEADERS 1
| #define HAVE_SYS_TYPES_H 1
| #define HAVE_SYS_STAT_H 1
| #define HAVE_STDLIB_H 1
| #define HAVE_STRING_H 1
| #define HAVE_MEMORY_H 1
| #define HAVE_STRINGS_H 1
| #define HAVE_INTTYPES_H 1
| #define HAVE_STDINT_H 1
| #define HAVE_UNISTD_H 1
| /* end confdefs.h.  */
| #include <stdio.h>
| #ifdef HAVE_SYS_TYPES_H
| # include <sys/types.h>
| #endif
| #ifdef HAVE_SYS_STAT_H
| # include <sys/stat.h>
| #endif
| #ifdef STDC_HEADERS
| # include <stdlib.h>
| # include <stddef.h>
| #else
| # ifdef HAVE_STDLIB_H
| #  include <stdlib.h>
| # endif
| #endif
| #ifdef HAVE_STRING_H
| # if !defined STDC_HEADERS && defined HAVE_MEMORY_H
| #  include <memory.h>
| # endif
| # include <string.h>
| #endif
| #ifdef HAVE_STRINGS_H
| # include <strings.h>
| #endif
| #ifdef HAVE_INTTYPES_H
| # include <inttypes.h>
| #endif
| #ifdef HAVE_STDINT_H
| # include <stdint.h>
| #endif
| #ifdef HAVE_UNISTD_H
| # include <unistd.h>
| #endif
| #include <iconv.h>
configure:3827: result: no
configure:3831: checking iconv.h presence
configure:3846: gcc -E  conftest.c
conftest.c:18:19: error: iconv.h: No such file or directory
configure:3853: $? = 1
configure: failed program was:
| /* confdefs.h.  */
| #define PACKAGE_NAME "[SAFECode]"
| #define PACKAGE_TARNAME "--safecode--"
| #define PACKAGE_VERSION "[1.00]"
| #define PACKAGE_STRING "[SAFECode] [1.00]"
| #define PACKAGE_BUGREPORT "criswell@illinois.edu"
| #define STDC_HEADERS 1
| #define HAVE_SYS_TYPES_H 1
| #define HAVE_SYS_STAT_H 1
| #define HAVE_STDLIB_H 1
| #define HAVE_STRING_H 1
| #define HAVE_MEMORY_H 1
| #define HAVE_STRINGS_H 1
| #define HAVE_INTTYPES_H 1
| #define HAVE_STDINT_H 1
| #define HAVE_UNISTD_H 1
| /* end confdefs.h.  */
| #include <iconv.h>
configure:3867: result: no
configure:3900: checking for iconv.h
configure:3909: result: no
configure:3932: checking for fgetc_unlocked
configure:3988: gcc -o conftest -g -O2   conftest.c  >&5
/tmp//ccuzR0Qn.o(.text+0x7): In function `main':
/home/dgv/workspace/llvm-SAFEcode/projects/safecode/conftest.c:52: undefined reference to `fgetc_unlocked'
collect2: ld returned 1 exit status
configure:3995: $? = 1
configure: failed program was:
| /* confdefs.h.  */
| #define PACKAGE_NAME "[SAFECode]"
| #define PACKAGE_TARNAME "--safecode--"
| #define PACKAGE_VERSION "[1.00]"
| #define PACKAGE_STRING "[SAFECode] [1.00]"
| #define PACKAGE_BUGREPORT "criswell@illinois.edu"
| #define STDC_HEADERS 1
| #define HAVE_SYS_TYPES_H 1
| #define HAVE_SYS_STAT_H 1
| #define HAVE_STDLIB_H 1
| #define HAVE_STRING_H 1
| #define HAVE_MEMORY_H 1
| #define HAVE_STRINGS_H 1
| #define HAVE_INTTYPES_H 1
| #define HAVE_STDINT_H 1
| #define HAVE_UNISTD_H 1
| /* end confdefs.h.  */
| /* Define fgetc_unlocked to an innocuous variant, in case <limits.h> declares fgetc_unlocked.
|    For example, HP-UX 11i <limits.h> declares gettimeofday.  */
| #define fgetc_unlocked innocuous_fgetc_unlocked
| 
| /* System header to define __stub macros and hopefully few prototypes,
|     which can conflict with char fgetc_unlocked (); below.
|     Prefer <limits.h> to <assert.h> if __STDC__ is defined, since
|     <limits.h> exists even on freestanding compilers.  */
| 
| #ifdef __STDC__
| # include <limits.h>
| #else
| # include <assert.h>
| #endif
| 
| #undef fgetc_unlocked
| 
| /* Override any GCC internal prototype to avoid an error.
|    Use char because int might match the return type of a GCC
|    builtin and then its argument prototype would still apply.  */
| #ifdef __cplusplus
| extern "C"
| #endif
| char fgetc_unlocked ();
| /* The GNU C library defines this for functions which it implements
|     to always fail with ENOSYS.  Some functions are actually named
|     something starting with __ and the normal name is an alias.  */
| #if defined __stub_fgetc_unlocked || defined __stub___fgetc_unlocked
| choke me
| #endif
| 
| int
| main ()
| {
| return fgetc_unlocked ();
|   ;
|   return 0;
| }
configure:4017: result: no
configure:3932: checking for fwrite_unlocked
configure:3988: gcc -o conftest -g -O2   conftest.c  >&5
conftest.c:41: warning: conflicting types for built-in function 'fwrite_unlocked'
/tmp//ccaohhSK.o(.text+0x7): In function `main':
/home/dgv/workspace/llvm-SAFEcode/projects/safecode/conftest.c:52: undefined reference to `fwrite_unlocked'
collect2: ld returned 1 exit status
configure:3995: $? = 1
configure: failed program was:
| /* confdefs.h.  */
| #define PACKAGE_NAME "[SAFECode]"
| #define PACKAGE_TARNAME "--safecode--"
| #define PACKAGE_VERSION "[1.00]"
| #define PACKAGE_STRING "[SAFECode] [1.00]"
| #define PACKAGE_BUGREPORT "criswell@illinois.edu"
| #define STDC_HEADERS 1
| #define HAVE_SYS_TYPES_H 1
| #define HAVE_SYS_STAT_H 1
| #define HAVE_STDLIB_H 1
| #define HAVE_STRING_H 1
| #define HAVE_MEMORY_H 1
| #define HAVE_STRINGS_H 1
| #define HAVE_INTTYPES_H 1
| #define HAVE_STDINT_H 1
| #define HAVE_UNISTD_H 1
| /* end confdefs.h.  */
| /* Define fwrite_unlocked to an innocuous variant, in case <limits.h> declares fwrite_unlocked.
|    For example, HP-UX 11i <limits.h> declares gettimeofday.  */
| #define fwrite_unlocked innocuous_fwrite_unlocked
| 
| /* System header to define __stub macros and hopefully few prototypes,
|     which can conflict with char fwrite_unlocked (); below.
|     Prefer <limits.h> to <assert.h> if __STDC__ is defined, since
|     <limits.h> exists even on freestanding compilers.  */
| 
| #ifdef __STDC__
| # include <limits.h>
| #else
| # include <assert.h>
| #endif
| 
| #undef fwrite_unlocked
| 
| /* Override any GCC internal prototype to avoid an error.
|    Use char because int might match the return type of a GCC
|    builtin and then its argument prototype would still apply.  */
| #ifdef __cplusplus
| extern "C"
| #endif
| char fwrite_unlocked ();
| /* The GNU C library defines this for functions which it implements
|     to always fail with ENOSYS.  Some functions are actually named
|     something starting with __ and the normal name is an alias.  */
| #if defined __stub_fwrite_unlocked || defined __stub___fwrite_unlocked
| choke me
| #endif
| 
| int
| main ()
| {
| return fwrite_unlocked ();
|   ;
|   return 0;
| }
configure:4017: result: no
configure:4036: checking for mempcpy
configure:4092: gcc -o conftest -g -O2   conftest.c  >&5
conftest.c:41: warning: conflicting types for built-in function 'mempcpy'
/tmp//ccIu6b6Y.o(.text+0x7): In function `main':
/home/dgv/workspace/llvm-SAFEcode/projects/safecode/conftest.c:52: undefined reference to `mempcpy'
collect2: ld returned 1 exit status
configure:4099: $? = 1
configure: failed program was:
| /* confdefs.h.  */
| #define PACKAGE_NAME "[SAFECode]"
| #define PACKAGE_TARNAME "--safecode--"
| #define PACKAGE_VERSION "[1.00]"
| #define PACKAGE_STRING "[SAFECode] [1.00]"
| #define PACKAGE_BUGREPORT "criswell@illinois.edu"
| #define STDC_HEADERS 1
| #define HAVE_SYS_TYPES_H 1
| #define HAVE_SYS_STAT_H 1
| #define HAVE_STDLIB_H 1
| #define HAVE_STRING_H 1
| #define HAVE_MEMORY_H 1
| #define HAVE_STRINGS_H 1
| #define HAVE_INTTYPES_H 1
| #define HAVE_STDINT_H 1
| #define HAVE_UNISTD_H 1
| /* end confdefs.h.  */
| /* Define mempcpy to an innocuous variant, in case <limits.h> declares mempcpy.
|    For example, HP-UX 11i <limits.h> declares gettimeofday.  */
| #define mempcpy innocuous_mempcpy
| 
| /* System header to define __stub macros and hopefully few prototypes,
|     which can conflict with char mempcpy (); below.
|     Prefer <limits.h> to <assert.h> if __STDC__ is defined, since
|     <limits.h> exists even on freestanding compilers.  */
| 
| #ifdef __STDC__
| # include <limits.h>
| #else
| # include <assert.h>
| #endif
| 
| #undef mempcpy
| 
| /* Override any GCC internal prototype to avoid an error.
|    Use char because int might match the return type of a GCC
|    builtin and then its argument prototype would still apply.  */
| #ifdef __cplusplus
| extern "C"
| #endif
| char mempcpy ();
| /* The GNU C library defines this for functions which it implements
|     to always fail with ENOSYS.  Some functions are actually named
|     something starting with __ and the normal name is an alias.  */
| #if defined __stub_mempcpy || defined __stub___mempcpy
| choke me
| #endif
| 
| int
| main ()
| {
| return mempcpy ();
|   ;
|   return 0;
| }
configure:4121: result: no
configure:4036: checking for strcasestr
configure:4092: gcc -o conftest -g -O2   conftest.c  >&5
configure:4099: $? = 0
configure:4121: result: yes
configure:4036: checking for stpcpy
configure:4092: gcc -o conftest -g -O2   conftest.c  >&5
conftest.c:42: warning: conflicting types for built-in function 'stpcpy'
/tmp//cc2qr8sS.o(.text+0x7): In function `main':
/home/dgv/workspace/llvm-SAFEcode/projects/safecode/conftest.c:53: warning: stpcpy() is dangerous GNU crap; don't use it
configure:4099: $? = 0
configure:4121: result: yes
configure:4036: checking for strnlen
configure:4092: gcc -o conftest -g -O2   conftest.c  >&5
configure:4099: $? = 0
configure:4121: result: yes
configure:4355: creating ./config.status

## ---------------------- ##
## Running config.status. ##
## ---------------------- ##

This file was extended by [SAFECode] config.status [1.00], which was
generated by GNU Autoconf 2.63.  Invocation command line was

  CONFIG_FILES    = 
  CONFIG_HEADERS  = 
  CONFIG_LINKS    = 
  CONFIG_COMMANDS = 
  $ ./config.status 

on wintermute.dgv.home

config.status:755: creating Makefile.common
config.status:755: creating include/safecode/Config/config.h
config.status:966: include/safecode/Config/config.h is unchanged
config.status:755: creating tools/clang/include/clang/Config/config.h
config.status:966: tools/clang/include/clang/Config/config.h is unchanged
config.status:984: executing setup commands
config.status:984: executing Makefile commands
config.status:984: executing lib/Makefile commands
config.status:984: executing lib/ArrayBoundChecks/Makefile commands
config.status:984: executing lib/ConvertUnsafeAllocas/Makefile commands
config.status:984: executing lib/InsertPoolChecks/Makefile commands
config.status:984: executing lib/PointerChecks/Makefile commands
config.status:984: executing lib/StackSafety/Makefile commands
config.status:984: executing test/Makefile commands
config.status:984: executing test/BOdiagsuite-20050808/Makefile commands

## ---------------- ##
## Cache variables. ##
## ---------------- ##

ac_cv_c_compiler_gnu=yes
ac_cv_env_CC_set=
ac_cv_env_CC_value=
ac_cv_env_CFLAGS_set=
ac_cv_env_CFLAGS_value=
ac_cv_env_CPPFLAGS_set=
ac_cv_env_CPPFLAGS_value=
ac_cv_env_CPP_set=
ac_cv_env_CPP_value=
ac_cv_env_LDFLAGS_set=
ac_cv_env_LDFLAGS_value=
ac_cv_env_LIBS_set=
ac_cv_env_LIBS_value=
ac_cv_env_build_alias_set=
ac_cv_env_build_alias_value=
ac_cv_env_host_alias_set=
ac_cv_env_host_alias_value=
ac_cv_env_target_alias_set=
ac_cv_env_target_alias_value=
ac_cv_func_fgetc_unlocked=no
ac_cv_func_fwrite_unlocked=no
ac_cv_func_mempcpy=no
ac_cv_func_stpcpy=yes
ac_cv_func_strcasestr=yes
ac_cv_func_strnlen=yes
ac_cv_header_iconv_h=no
ac_cv_header_inttypes_h=yes
ac_cv_header_memory_h=yes
ac_cv_header_stdc=yes
ac_cv_header_stdint_h=yes
ac_cv_header_stdlib_h=yes
ac_cv_header_string_h=yes
ac_cv_header_strings_h=yes
ac_cv_header_sys_stat_h=yes
ac_cv_header_sys_types_h=yes
ac_cv_header_unistd_h=yes
ac_cv_lib_cvc3_vc_get_error_status=no
ac_cv_lib_gmp___gmpz_init=no
ac_cv_objext=o
ac_cv_path_EGREP='/usr/bin/grep -E'
ac_cv_path_GREP=/usr/bin/grep
ac_cv_path_OMEGA='echo omega'
ac_cv_prog_CPP='gcc -E'
ac_cv_prog_ac_ct_CC=gcc
ac_cv_prog_cc_c89=
ac_cv_prog_cc_g=yes
ac_cv_search_fopen64=no

## ----------------- ##
## Output variables. ##
## ----------------- ##

CC='gcc'
CFLAGS='-g -O2'
CPP='gcc -E'
CPPFLAGS=''
DEFS='-DHAVE_CONFIG_H'
ECHO_C=''
ECHO_N='-n'
ECHO_T=''
EGREP='/usr/bin/grep -E'
EXEEXT=''
GREP='/usr/bin/grep'
LDFLAGS=''
LIBOBJS=''
LIBS=''
LLVM_OBJ='/home/dgv/workspace/llvm-SAFEcode'
LLVM_SRC='/home/dgv/workspace/llvm-SAFEcode'
LTLIBOBJS=''
OBJEXT='o'
OMEGA='echo omega'
PACKAGE_BUGREPORT='criswell@illinois.edu'
PACKAGE_NAME='[SAFECode]'
PACKAGE_STRING='[SAFECode] [1.00]'
PACKAGE_TARNAME='--safecode--'
PACKAGE_VERSION='[1.00]'
PATH_SEPARATOR=':'
SHELL='/bin/sh'
ac_ct_CC='gcc'
bindir='${exec_prefix}/bin'
build_alias=''
capsaicinobjdir='/home/dgv/workspace/llvm-SAFEcode/projects/capsaicin'
capsaicinsrcdir='/home/dgv/workspace/llvm-SAFEcode/projects/capsaicin'
datadir='${datarootdir}'
datarootdir='${prefix}/share'
docdir='${datarootdir}/doc/${PACKAGE_TARNAME}'
dvidir='${docdir}'
enable_lto_tests='no'
exec_prefix='${prefix}'
host_alias=''
htmldir='${docdir}'
includedir='${prefix}/include'
infodir='${datarootdir}/info'
libdir='${exec_prefix}/lib'
libexecdir='${exec_prefix}/libexec'
localedir='${datarootdir}/locale'
localstatedir='${prefix}/var'
mandir='${datarootdir}/man'
oldincludedir='/usr/include'
pdfdir='${docdir}'
poolallocobjdir='/home/dgv/workspace/llvm-SAFEcode/projects/poolalloc'
poolallocsrcdir='/home/dgv/workspace/llvm-SAFEcode/projects/poolalloc'
prefix='/usr/local'
program_transform_name='s,x,x,'
psdir='${docdir}'
sbindir='${exec_prefix}/sbin'
sharedstatedir='${prefix}/com'
sysconfdir='${prefix}/etc'
target_alias=''
testobjdir='/home/dgv/workspace/llvm-SAFEcode/projects/safecode'
testsrcdir='/home/dgv/workspace/llvm-SAFEcode/projects/safecode'

## ----------- ##
## confdefs.h. ##
## ----------- ##

#define PACKAGE_NAME "[SAFECode]"
#define PACKAGE_TARNAME "--safecode--"
#define PACKAGE_VERSION "[1.00]"
#define PACKAGE_STRING "[SAFECode] [1.00]"
#define PACKAGE_BUGREPORT "criswell@illinois.edu"
#define STDC_HEADERS 1
#define HAVE_SYS_TYPES_H 1
#define HAVE_SYS_STAT_H 1
#define HAVE_STDLIB_H 1
#define HAVE_STRING_H 1
#define HAVE_MEMORY_H 1
#define HAVE_STRINGS_H 1
#define HAVE_INTTYPES_H 1
#define HAVE_STDINT_H 1
#define HAVE_UNISTD_H 1
#define HAVE_STRCASESTR 1
#define HAVE_STPCPY 1
#define HAVE_STRNLEN 1

configure: exit 0
