This file contains any messages produced by compilers while
running configure, to aid debugging if configure makes a mistake.

It was created by [Pool Allocation] configure [1.0], which was
generated by GNU Autoconf 2.59.  Invocation command line was

  $ ./configure --prefix=/usr/local --cache-file=/dev/null --srcdir=.

## --------- ##
## Platform. ##
## --------- ##

hostname = wintermute.dgv.home
uname -m = amd64
uname -r = 5.2
uname -s = OpenBSD
uname -v = WINTERMUTE#0

/usr/bin/uname -p = amd64
/bin/uname -X     = unknown

/bin/arch              = unknown
/usr/bin/arch -k       = OpenBSD.amd64
/usr/convex/getsysinfo = unknown
hostinfo               = unknown
/bin/machine           = unknown
/usr/bin/oslevel       = unknown
/bin/universe          = unknown

PATH: /usr/bin
PATH: /bin
PATH: /usr/sbin
PATH: /sbin
PATH: /usr/X11R6/bin
PATH: /usr/local/bin
PATH: /usr/local/sbin


## ----------- ##
## Core tests. ##
## ----------- ##

configure:1444: checking for gcc
configure:1460: found /usr/bin/gcc
configure:1470: result: gcc
configure:1714: checking for C compiler version
configure:1717: gcc --version </dev/null >&5
gcc (GCC) 4.2.1 20070719 
Copyright (C) 2007 Free Software Foundation, Inc.
This is free software; see the source for copying conditions.  There is NO
warranty; not even for MERCHANTABILITY or FITNESS FOR A PARTICULAR PURPOSE.

configure:1720: $? = 0
configure:1722: gcc -v </dev/null >&5
Reading specs from /usr/lib/gcc-lib/amd64-unknown-openbsd5.2/4.2.1/specs
Target: amd64-unknown-openbsd5.2
Configured with: OpenBSD/amd64 system compiler
Thread model: posix
gcc version 4.2.1 20070719 
configure:1725: $? = 0
configure:1727: gcc -V </dev/null >&5
gcc: '-V' option must have argument
configure:1730: $? = 1
configure:1753: checking for C compiler default output file name
configure:1756: gcc    conftest.c  >&5
configure:1759: $? = 0
configure:1805: result: a.out
configure:1810: checking whether the C compiler works
configure:1816: ./a.out
configure:1819: $? = 0
configure:1836: result: yes
configure:1843: checking whether we are cross compiling
configure:1845: result: no
configure:1848: checking for suffix of executables
configure:1850: gcc -o conftest    conftest.c  >&5
configure:1853: $? = 0
configure:1878: result: 
configure:1884: checking for suffix of object files
configure:1905: gcc -c   conftest.c >&5
configure:1908: $? = 0
configure:1930: result: o
configure:1934: checking whether we are using the GNU C compiler
configure:1958: gcc -c   conftest.c >&5
configure:1964: $? = 0
configure:1968: test -z 
			 || test ! -s conftest.err
configure:1971: $? = 0
configure:1974: test -s conftest.o
configure:1977: $? = 0
configure:1990: result: yes
configure:1996: checking whether gcc accepts -g
configure:2017: gcc -c -g  conftest.c >&5
configure:2023: $? = 0
configure:2027: test -z 
			 || test ! -s conftest.err
configure:2030: $? = 0
configure:2033: test -s conftest.o
configure:2036: $? = 0
configure:2047: result: yes
configure:2064: checking for gcc option to accept ANSI C
configure:2134: gcc  -c -g -O2  conftest.c >&5
configure:2140: $? = 0
configure:2144: test -z 
			 || test ! -s conftest.err
configure:2147: $? = 0
configure:2150: test -s conftest.o
configure:2153: $? = 0
configure:2171: result: none needed
configure:2189: gcc -c -g -O2  conftest.c >&5
conftest.c:2: error: expected '=', ',', ';', 'asm' or '__attribute__' before 'me'
configure:2195: $? = 1
configure: failed program was:
| #ifndef __cplusplus
|   choke me
| #endif
configure:2329: checking for MAP_ANONYMOUS vs. MAP_ANON
configure:2358: gcc -c -g -O2  conftest.c >&5
conftest.c: In function 'main':
conftest.c:15: error: 'MAP_ANONYMOUS' undeclared (first use in this function)
conftest.c:15: error: (Each undeclared identifier is reported only once
conftest.c:15: error: for each function it appears in.)
configure:2364: $? = 1
configure: failed program was:
| /* confdefs.h.  */
| 
| #define PACKAGE_NAME "[Pool Allocation]"
| #define PACKAGE_TARNAME "--pool-allocation--"
| #define PACKAGE_VERSION "[1.0]"
| #define PACKAGE_STRING "[Pool Allocation] [1.0]"
| #define PACKAGE_BUGREPORT "llvmbugs@cs.uiuc.edu"
| /* end confdefs.h.  */
| #include <sys/mman.h>
| #include <unistd.h>
| #include <fcntl.h>
| int
| main ()
| {
| mmap (0, 1, PROT_READ, MAP_ANONYMOUS, -1, 0); return (0);
|   ;
|   return 0;
| }
configure:2395: result: no
configure:2410: checking how to run the C preprocessor
configure:2445: gcc -E  conftest.c
configure:2451: $? = 0
configure:2483: gcc -E  conftest.c
conftest.c:9:28: error: ac_nonexistent.h: No such file or directory
configure:2489: $? = 1
configure: failed program was:
| /* confdefs.h.  */
| 
| #define PACKAGE_NAME "[Pool Allocation]"
| #define PACKAGE_TARNAME "--pool-allocation--"
| #define PACKAGE_VERSION "[1.0]"
| #define PACKAGE_STRING "[Pool Allocation] [1.0]"
| #define PACKAGE_BUGREPORT "llvmbugs@cs.uiuc.edu"
| /* end confdefs.h.  */
| #include <ac_nonexistent.h>
configure:2528: result: gcc -E
configure:2552: gcc -E  conftest.c
configure:2558: $? = 0
configure:2590: gcc -E  conftest.c
conftest.c:9:28: error: ac_nonexistent.h: No such file or directory
configure:2596: $? = 1
configure: failed program was:
| /* confdefs.h.  */
| 
| #define PACKAGE_NAME "[Pool Allocation]"
| #define PACKAGE_TARNAME "--pool-allocation--"
| #define PACKAGE_VERSION "[1.0]"
| #define PACKAGE_STRING "[Pool Allocation] [1.0]"
| #define PACKAGE_BUGREPORT "llvmbugs@cs.uiuc.edu"
| /* end confdefs.h.  */
| #include <ac_nonexistent.h>
configure:2640: checking for egrep
configure:2650: result: grep -E
configure:2655: checking whether stat file-mode macros are broken
configure:2703: result: no
configure:2713: checking for ANSI C header files
configure:2738: gcc -c -g -O2  conftest.c >&5
configure:2744: $? = 0
configure:2748: test -z 
			 || test ! -s conftest.err
configure:2751: $? = 0
configure:2754: test -s conftest.o
configure:2757: $? = 0
configure:2846: gcc -o conftest -g -O2   conftest.c  >&5
conftest.c: In function 'main':
conftest.c:26: warning: incompatible implicit declaration of built-in function 'exit'
configure:2849: $? = 0
configure:2851: ./conftest
configure:2854: $? = 0
configure:2869: result: yes
configure:2893: checking for sys/types.h
configure:2909: gcc -c -g -O2  conftest.c >&5
configure:2915: $? = 0
configure:2919: test -z 
			 || test ! -s conftest.err
configure:2922: $? = 0
configure:2925: test -s conftest.o
configure:2928: $? = 0
configure:2939: result: yes
configure:2893: checking for sys/stat.h
configure:2909: gcc -c -g -O2  conftest.c >&5
configure:2915: $? = 0
configure:2919: test -z 
			 || test ! -s conftest.err
configure:2922: $? = 0
configure:2925: test -s conftest.o
configure:2928: $? = 0
configure:2939: result: yes
configure:2893: checking for stdlib.h
configure:2909: gcc -c -g -O2  conftest.c >&5
configure:2915: $? = 0
configure:2919: test -z 
			 || test ! -s conftest.err
configure:2922: $? = 0
configure:2925: test -s conftest.o
configure:2928: $? = 0
configure:2939: result: yes
configure:2893: checking for string.h
configure:2909: gcc -c -g -O2  conftest.c >&5
configure:2915: $? = 0
configure:2919: test -z 
			 || test ! -s conftest.err
configure:2922: $? = 0
configure:2925: test -s conftest.o
configure:2928: $? = 0
configure:2939: result: yes
configure:2893: checking for memory.h
configure:2909: gcc -c -g -O2  conftest.c >&5
configure:2915: $? = 0
configure:2919: test -z 
			 || test ! -s conftest.err
configure:2922: $? = 0
configure:2925: test -s conftest.o
configure:2928: $? = 0
configure:2939: result: yes
configure:2893: checking for strings.h
configure:2909: gcc -c -g -O2  conftest.c >&5
configure:2915: $? = 0
configure:2919: test -z 
			 || test ! -s conftest.err
configure:2922: $? = 0
configure:2925: test -s conftest.o
configure:2928: $? = 0
configure:2939: result: yes
configure:2893: checking for inttypes.h
configure:2909: gcc -c -g -O2  conftest.c >&5
configure:2915: $? = 0
configure:2919: test -z 
			 || test ! -s conftest.err
configure:2922: $? = 0
configure:2925: test -s conftest.o
configure:2928: $? = 0
configure:2939: result: yes
configure:2893: checking for stdint.h
configure:2909: gcc -c -g -O2  conftest.c >&5
configure:2915: $? = 0
configure:2919: test -z 
			 || test ! -s conftest.err
configure:2922: $? = 0
configure:2925: test -s conftest.o
configure:2928: $? = 0
configure:2939: result: yes
configure:2893: checking for unistd.h
configure:2909: gcc -c -g -O2  conftest.c >&5
configure:2915: $? = 0
configure:2919: test -z 
			 || test ! -s conftest.err
configure:2922: $? = 0
configure:2925: test -s conftest.o
configure:2928: $? = 0
configure:2939: result: yes
configure:2966: checking fcntl.h usability
configure:2978: gcc -c -g -O2  conftest.c >&5
configure:2984: $? = 0
configure:2988: test -z 
			 || test ! -s conftest.err
configure:2991: $? = 0
configure:2994: test -s conftest.o
configure:2997: $? = 0
configure:3007: result: yes
configure:3011: checking fcntl.h presence
configure:3021: gcc -E  conftest.c
configure:3027: $? = 0
configure:3047: result: yes
configure:3082: checking for fcntl.h
configure:3089: result: yes
configure:2966: checking sys/mman.h usability
configure:2978: gcc -c -g -O2  conftest.c >&5
configure:2984: $? = 0
configure:2988: test -z 
			 || test ! -s conftest.err
configure:2991: $? = 0
configure:2994: test -s conftest.o
configure:2997: $? = 0
configure:3007: result: yes
configure:3011: checking sys/mman.h presence
configure:3021: gcc -E  conftest.c
configure:3027: $? = 0
configure:3047: result: yes
configure:3082: checking for sys/mman.h
configure:3089: result: yes
configure:3110: checking for stdlib.h
configure:3115: result: yes
configure:3110: checking for unistd.h
configure:3115: result: yes
configure:3259: checking for getpagesize
configure:3316: gcc -o conftest -g -O2   conftest.c  >&5
configure:3322: $? = 0
configure:3326: test -z 
			 || test ! -s conftest.err
configure:3329: $? = 0
configure:3332: test -s conftest
configure:3335: $? = 0
configure:3347: result: yes
configure:3357: checking for working mmap
configure:3499: gcc -o conftest -g -O2   conftest.c  >&5
configure:3502: $? = 0
configure:3504: ./conftest
configure:3507: $? = 0
configure:3521: result: yes
configure:3532: checking for mmap of files
configure:3572: gcc -o conftest -g -O2   conftest.c  >&5
conftest.c: In function 'main':
conftest.c:37: warning: cast from pointer to integer of different size
conftest.c:39: warning: cast from pointer to integer of different size
configure:3575: $? = 0
configure:3577: ./conftest
configure:3580: $? = 0
configure:3601: result: yes
configure:3613: checking if /dev/zero is needed for mmap
configure:3625: result: no
configure:3744: creating ./config.status

## ---------------------- ##
## Running config.status. ##
## ---------------------- ##

This file was extended by [Pool Allocation] config.status [1.0], which was
generated by GNU Autoconf 2.59.  Invocation command line was

  CONFIG_FILES    = 
  CONFIG_HEADERS  = 
  CONFIG_LINKS    = 
  CONFIG_COMMANDS = 
  $ ./config.status 

on wintermute.dgv.home

config.status:663: creating Makefile.common
config.status:766: creating include/poolalloc/Config/config.h
config.status:882: include/poolalloc/Config/config.h is unchanged
config.status:1040: executing setup commands
config.status:1040: executing Makefile commands
config.status:1040: executing lib/Makefile commands
config.status:1040: executing lib/PoolAllocate/Makefile commands
config.status:1040: executing runtime/Makefile commands
config.status:1040: executing runtime/PoolAllocator/Makefile commands
config.status:1040: executing runtime/FreeListAllocator/Makefile commands
config.status:1040: executing test/Makefile commands

## ---------------- ##
## Cache variables. ##
## ---------------- ##

ac_cv_c_compiler_gnu=yes
ac_cv_env_CC_set=
ac_cv_env_CC_value=
ac_cv_env_CFLAGS_set=
ac_cv_env_CFLAGS_value=
ac_cv_env_CPPFLAGS_set=
ac_cv_env_CPPFLAGS_value=
ac_cv_env_CPP_set=
ac_cv_env_CPP_value=
ac_cv_env_LDFLAGS_set=
ac_cv_env_LDFLAGS_value=
ac_cv_env_build_alias_set=
ac_cv_env_build_alias_value=
ac_cv_env_host_alias_set=
ac_cv_env_host_alias_value=
ac_cv_env_target_alias_set=
ac_cv_env_target_alias_value=
ac_cv_exeext=
ac_cv_func_getpagesize=yes
ac_cv_func_mmap_file=yes
ac_cv_func_mmap_fixed_mapped=yes
ac_cv_header_fcntl_h=yes
ac_cv_header_inttypes_h=yes
ac_cv_header_memory_h=yes
ac_cv_header_mmap_anon=no
ac_cv_header_stat_broken=no
ac_cv_header_stdc=yes
ac_cv_header_stdint_h=yes
ac_cv_header_stdlib_h=yes
ac_cv_header_string_h=yes
ac_cv_header_strings_h=yes
ac_cv_header_sys_mman_h=yes
ac_cv_header_sys_stat_h=yes
ac_cv_header_sys_types_h=yes
ac_cv_header_unistd_h=yes
ac_cv_need_dev_zero_for_mmap=no
ac_cv_objext=o
ac_cv_prog_CPP='gcc -E'
ac_cv_prog_ac_ct_CC=gcc
ac_cv_prog_cc_g=yes
ac_cv_prog_cc_stdc=
ac_cv_prog_egrep='grep -E'

## ----------------- ##
## Output variables. ##
## ----------------- ##

CC='gcc'
CFLAGS='-g -O2'
CPP='gcc -E'
CPPFLAGS=''
DEFS='-DHAVE_CONFIG_H'
ECHO_C=''ECHO_N=''
ECHO_T=''
EGREP='grep -E'
EXEEXT=''
LDFLAGS=''
LIBOBJS=''
LIBS=''
LLVM_OBJ='/home/dgv/workspace/llvm-SAFEcode'
LLVM_SRC='/home/dgv/workspace/llvm-SAFEcode'
LTLIBOBJS=''
MMAP_FILE='yes'
OBJEXT='o'
PACKAGE_BUGREPORT='llvmbugs@cs.uiuc.edu'
PACKAGE_NAME='[Pool Allocation]'
PACKAGE_STRING='[Pool Allocation] [1.0]'
PACKAGE_TARNAME='--pool-allocation--'
PACKAGE_VERSION='[1.0]'
PATH_SEPARATOR=':'
SHELL='/bin/sh'
ac_ct_CC='gcc'
bindir='${exec_prefix}/bin'
build_alias=''
datadir='${prefix}/share'
exec_prefix='${prefix}'
host_alias=''
includedir='${prefix}/include'
infodir='${prefix}/info'
libdir='${exec_prefix}/lib'
libexecdir='${exec_prefix}/libexec'
localstatedir='${prefix}/var'
mandir='${prefix}/man'
oldincludedir='/usr/include'
prefix='/usr/local'
program_transform_name='s,x,x,'
sbindir='${exec_prefix}/sbin'
sharedstatedir='${prefix}/com'
sysconfdir='${prefix}/etc'
target_alias=''

## ----------- ##
## confdefs.h. ##
## ----------- ##

#define HAVE_FCNTL_H 1
#define HAVE_GETPAGESIZE 1
#define HAVE_INTTYPES_H 1
#define HAVE_MEMORY_H 1
#define HAVE_MMAP 1
#define HAVE_MMAP_FILE
#define HAVE_STDINT_H 1
#define HAVE_STDLIB_H 1
#define HAVE_STDLIB_H 1
#define HAVE_STRINGS_H 1
#define HAVE_STRING_H 1
#define HAVE_SYS_MMAN_H 1
#define HAVE_SYS_STAT_H 1
#define HAVE_SYS_TYPES_H 1
#define HAVE_UNISTD_H 1
#define HAVE_UNISTD_H 1
#define PACKAGE_BUGREPORT "llvmbugs@cs.uiuc.edu"
#define PACKAGE_NAME "[Pool Allocation]"
#define PACKAGE_STRING "[Pool Allocation] [1.0]"
#define PACKAGE_TARNAME "--pool-allocation--"
#define PACKAGE_VERSION "[1.0]"
#define STDC_HEADERS 1

configure: exit 0
